<?xml version="1.0" encoding="UTF-8"?>
<!-- Generated by org.testng.reporters.JUnitXMLReporter -->
<testsuite ignored="1" hostname="DESKTOP-R00BV66" failures="0" tests="4" name="Default test" time="42.444" errors="0" timestamp="2023-09-08T16:40:58 IST">
  <testcase classname="com.qa.testcases.LoginTest" name="verifyLoginWithValidCredentials" time="1.255"/>
  <testcase classname="com.qa.testcases.LoginTest" name="verifyLoginWithValidCredentials" time="1.199"/>
  <testcase classname="com.qa.testcases.LoginTest" name="verifyLoginWithValidCredentials" time="1.073"/>
  <testcase classname="com.qa.testcases.LoginTest" name="verifyLoginWithValidCredentials" time="1.528"/>
  <testcase classname="com.qa.testcases.LoginTest" name="verifyLoginWithInvalidCredentials" time="0.0">
    <ignored/>
  </testcase> <!-- verifyLoginWithInvalidCredentials -->
</testsuite> <!-- Default test -->
