<?xml version="1.0" encoding="UTF-8"?>
<!-- Generated by org.testng.reporters.JUnitXMLReporter -->
<testsuite ignored="0" hostname="DESKTOP-R00BV66" failures="0" tests="5" name="Test Automation Suite" time="49.906" errors="0" timestamp="2023-09-08T17:21:45 IST">
  <testcase classname="com.qa.testcases.LoginTest" name="verifyLoginWithValidCredentials" time="1.202"/>
  <testcase classname="com.qa.testcases.LoginTest" name="verifyLoginWithValidCredentials" time="1.63"/>
  <testcase classname="com.qa.testcases.LoginTest" name="verifyLoginWithValidCredentials" time="1.29"/>
  <testcase classname="com.qa.testcases.LoginTest" name="verifyLoginWithValidCredentials" time="1.168"/>
  <testcase classname="com.qa.testcases.LoginTest" name="verifyLoginWithInvalidCredentials" time="1.11"/>
</testsuite> <!-- Test Automation Suite -->
