<?xml version="1.0" encoding="UTF-8"?>
<!-- Generated by org.testng.reporters.JUnitXMLReporter -->
<testsuite ignored="0" hostname="DESKTOP-R00BV66" failures="0" tests="7" name="Test Automation Suite" time="69.388" errors="0" timestamp="2023-09-08T19:43:49 IST">
  <testcase classname="com.qa.testcases.RegisterTest" name="verifyRegisterAnAccountWithMandatoryField" time="2.154"/>
  <testcase classname="com.qa.testcases.RegisterTest" name="verifyRegisterAnAccountWithAllField" time="2.061"/>
  <testcase classname="com.qa.testcases.RegisterTest" name="verifyRegisterAnAccountWithExistingEmailId" time="1.334"/>
  <testcase classname="com.qa.testcases.RegisterTest" name="verifyRegisterAnAccountWithoutGivingAnyDetails" time="0.619"/>
  <testcase classname="com.qa.testcases.SearchTest" name="verifySearchWithValidProductName" time="0.846"/>
  <testcase classname="com.qa.testcases.SearchTest" name="verifySearchWithInvalidProductName" time="0.777"/>
  <testcase classname="com.qa.testcases.SearchTest" name="verifySearchWithoutProduct" time="0.776"/>
</testsuite> <!-- Test Automation Suite -->
