<?xml version="1.0" encoding="UTF-8"?>
<testng-results ignored="0" total="7" passed="7" failed="0" skipped="0">
  <reporter-output>
  </reporter-output>
  <suite started-at="2023-09-08T19:42:37 IST" name="Suite" finished-at="2023-09-08T19:43:47 IST" duration-ms="69388">
    <groups>
    </groups>
    <test started-at="2023-09-08T19:42:37 IST" name="Test Automation Suite" finished-at="2023-09-08T19:43:47 IST" duration-ms="69388">
      <class name="com.qa.testcases.RegisterTest">
        <test-method is-config="true" signature="setUp()[pri:0, instance:com.qa.testcases.RegisterTest@e056f20]" started-at="2023-09-08T19:42:38 IST" name="setUp" finished-at="2023-09-08T19:42:49 IST" duration-ms="10896" status="PASS">
          <reporter-output>
          </reporter-output>
        </test-method> <!-- setUp -->
        <test-method signature="verifyRegisterAnAccountWithMandatoryField()[pri:1, instance:com.qa.testcases.RegisterTest@e056f20]" started-at="2023-09-08T19:42:49 IST" name="verifyRegisterAnAccountWithMandatoryField" finished-at="2023-09-08T19:42:51 IST" duration-ms="2154" status="PASS">
          <reporter-output>
          </reporter-output>
        </test-method> <!-- verifyRegisterAnAccountWithMandatoryField -->
        <test-method is-config="true" signature="tearDown()[pri:0, instance:com.qa.testcases.RegisterTest@e056f20]" started-at="2023-09-08T19:42:51 IST" name="tearDown" finished-at="2023-09-08T19:42:51 IST" duration-ms="308" status="PASS">
          <reporter-output>
          </reporter-output>
        </test-method> <!-- tearDown -->
        <test-method is-config="true" signature="setUp()[pri:0, instance:com.qa.testcases.RegisterTest@e056f20]" started-at="2023-09-08T19:42:51 IST" name="setUp" finished-at="2023-09-08T19:42:58 IST" duration-ms="6420" status="PASS">
          <reporter-output>
          </reporter-output>
        </test-method> <!-- setUp -->
        <test-method signature="verifyRegisterAnAccountWithAllField()[pri:2, instance:com.qa.testcases.RegisterTest@e056f20]" started-at="2023-09-08T19:42:58 IST" name="verifyRegisterAnAccountWithAllField" finished-at="2023-09-08T19:43:00 IST" duration-ms="2061" status="PASS">
          <reporter-output>
          </reporter-output>
        </test-method> <!-- verifyRegisterAnAccountWithAllField -->
        <test-method is-config="true" signature="tearDown()[pri:0, instance:com.qa.testcases.RegisterTest@e056f20]" started-at="2023-09-08T19:43:00 IST" name="tearDown" finished-at="2023-09-08T19:43:00 IST" duration-ms="385" status="PASS">
          <reporter-output>
          </reporter-output>
        </test-method> <!-- tearDown -->
        <test-method is-config="true" signature="setUp()[pri:0, instance:com.qa.testcases.RegisterTest@e056f20]" started-at="2023-09-08T19:43:00 IST" name="setUp" finished-at="2023-09-08T19:43:07 IST" duration-ms="6919" status="PASS">
          <reporter-output>
          </reporter-output>
        </test-method> <!-- setUp -->
        <test-method signature="verifyRegisterAnAccountWithExistingEmailId()[pri:3, instance:com.qa.testcases.RegisterTest@e056f20]" started-at="2023-09-08T19:43:07 IST" name="verifyRegisterAnAccountWithExistingEmailId" finished-at="2023-09-08T19:43:09 IST" duration-ms="1334" status="PASS">
          <reporter-output>
          </reporter-output>
        </test-method> <!-- verifyRegisterAnAccountWithExistingEmailId -->
        <test-method is-config="true" signature="tearDown()[pri:0, instance:com.qa.testcases.RegisterTest@e056f20]" started-at="2023-09-08T19:43:09 IST" name="tearDown" finished-at="2023-09-08T19:43:09 IST" duration-ms="260" status="PASS">
          <reporter-output>
          </reporter-output>
        </test-method> <!-- tearDown -->
        <test-method is-config="true" signature="setUp()[pri:0, instance:com.qa.testcases.RegisterTest@e056f20]" started-at="2023-09-08T19:43:09 IST" name="setUp" finished-at="2023-09-08T19:43:27 IST" duration-ms="18199" status="PASS">
          <reporter-output>
          </reporter-output>
        </test-method> <!-- setUp -->
        <test-method signature="verifyRegisterAnAccountWithoutGivingAnyDetails()[pri:4, instance:com.qa.testcases.RegisterTest@e056f20]" started-at="2023-09-08T19:43:27 IST" name="verifyRegisterAnAccountWithoutGivingAnyDetails" finished-at="2023-09-08T19:43:28 IST" duration-ms="619" status="PASS">
          <reporter-output>
          </reporter-output>
        </test-method> <!-- verifyRegisterAnAccountWithoutGivingAnyDetails -->
        <test-method is-config="true" signature="tearDown()[pri:0, instance:com.qa.testcases.RegisterTest@e056f20]" started-at="2023-09-08T19:43:28 IST" name="tearDown" finished-at="2023-09-08T19:43:28 IST" duration-ms="247" status="PASS">
          <reporter-output>
          </reporter-output>
        </test-method> <!-- tearDown -->
      </class> <!-- com.qa.testcases.RegisterTest -->
      <class name="com.qa.testcases.SearchTest">
        <test-method is-config="true" signature="setUp()[pri:0, instance:com.qa.testcases.SearchTest@3d51f06e]" started-at="2023-09-08T19:43:28 IST" name="setUp" finished-at="2023-09-08T19:43:33 IST" duration-ms="5317" status="PASS">
          <reporter-output>
          </reporter-output>
        </test-method> <!-- setUp -->
        <test-method signature="verifySearchWithValidProductName()[pri:1, instance:com.qa.testcases.SearchTest@3d51f06e]" started-at="2023-09-08T19:43:33 IST" name="verifySearchWithValidProductName" finished-at="2023-09-08T19:43:34 IST" duration-ms="846" status="PASS">
          <reporter-output>
          </reporter-output>
        </test-method> <!-- verifySearchWithValidProductName -->
        <test-method is-config="true" signature="tearDown()[pri:0, instance:com.qa.testcases.SearchTest@3d51f06e]" started-at="2023-09-08T19:43:34 IST" name="tearDown" finished-at="2023-09-08T19:43:34 IST" duration-ms="250" status="PASS">
          <reporter-output>
          </reporter-output>
        </test-method> <!-- tearDown -->
        <test-method is-config="true" signature="setUp()[pri:0, instance:com.qa.testcases.SearchTest@3d51f06e]" started-at="2023-09-08T19:43:34 IST" name="setUp" finished-at="2023-09-08T19:43:39 IST" duration-ms="5067" status="PASS">
          <reporter-output>
          </reporter-output>
        </test-method> <!-- setUp -->
        <test-method signature="verifySearchWithInvalidProductName()[pri:2, instance:com.qa.testcases.SearchTest@3d51f06e]" started-at="2023-09-08T19:43:39 IST" name="verifySearchWithInvalidProductName" finished-at="2023-09-08T19:43:40 IST" duration-ms="777" status="PASS">
          <reporter-output>
          </reporter-output>
        </test-method> <!-- verifySearchWithInvalidProductName -->
        <test-method is-config="true" signature="tearDown()[pri:0, instance:com.qa.testcases.SearchTest@3d51f06e]" started-at="2023-09-08T19:43:40 IST" name="tearDown" finished-at="2023-09-08T19:43:40 IST" duration-ms="268" status="PASS">
          <reporter-output>
          </reporter-output>
        </test-method> <!-- tearDown -->
        <test-method is-config="true" signature="setUp()[pri:0, instance:com.qa.testcases.SearchTest@3d51f06e]" started-at="2023-09-08T19:43:40 IST" name="setUp" finished-at="2023-09-08T19:43:46 IST" duration-ms="5362" status="PASS">
          <reporter-output>
          </reporter-output>
        </test-method> <!-- setUp -->
        <test-method signature="verifySearchWithoutProduct()[pri:3, instance:com.qa.testcases.SearchTest@3d51f06e]" started-at="2023-09-08T19:43:46 IST" name="verifySearchWithoutProduct" finished-at="2023-09-08T19:43:47 IST" depends-on-methods="com.qa.testcases.SearchTest.verifySearchWithInvalidProductName" duration-ms="776" status="PASS">
          <reporter-output>
          </reporter-output>
        </test-method> <!-- verifySearchWithoutProduct -->
        <test-method is-config="true" signature="tearDown()[pri:0, instance:com.qa.testcases.SearchTest@3d51f06e]" started-at="2023-09-08T19:43:47 IST" name="tearDown" finished-at="2023-09-08T19:43:47 IST" duration-ms="334" status="PASS">
          <reporter-output>
          </reporter-output>
        </test-method> <!-- tearDown -->
      </class> <!-- com.qa.testcases.SearchTest -->
    </test> <!-- Test Automation Suite -->
  </suite> <!-- Suite -->
</testng-results>
